c:\users\utente\desktop\coding\github\coding\computer-graphics\learn opengl\solutions\solution 2\solution 2\x64\debug\vc143.pdb
c:\users\utente\desktop\coding\github\coding\computer-graphics\learn opengl\solutions\solution 2\solution 2\x64\debug\vc143.idb
c:\users\utente\desktop\coding\github\coding\computer-graphics\learn opengl\solutions\solution 2\solution 2\x64\debug\glad.obj
c:\users\utente\desktop\coding\github\coding\computer-graphics\learn opengl\solutions\solution 2\solution 2\x64\debug\shader.obj
c:\users\utente\desktop\coding\github\coding\computer-graphics\learn opengl\solutions\solution 2\solution 2\x64\debug\main.obj
k:\riccardo\github\coding\computer-graphics\learn opengl\solutions\solution 2\solution 2\x64\debug\vc143.pdb
k:\riccardo\github\coding\computer-graphics\learn opengl\solutions\solution 2\solution 2\x64\debug\vc143.idb
k:\riccardo\github\coding\computer-graphics\learn opengl\solutions\solution 2\solution 2\x64\debug\glad.obj
k:\riccardo\github\coding\computer-graphics\learn opengl\solutions\solution 2\solution 2\x64\debug\shader.obj
c:\users\utente\desktop\coding\github\coding\computer-graphics\learn opengl\solutions\solution 2\x64\debug\solution 2.exe
c:\users\utente\desktop\coding\github\coding\computer-graphics\learn opengl\solutions\solution 2\x64\debug\solution 2.pdb
c:\users\utente\desktop\coding\github\coding\computer-graphics\learn opengl\solutions\solution 2\solution 2\x64\debug\solution 2.ilk
k:\riccardo\github\coding\computer-graphics\learn opengl\solutions\solution 2\solution 2\x64\debug\main.obj
k:\riccardo\github\coding\computer-graphics\learn opengl\solutions\solution 2\solution 2\x64\debug\solution 2.ilk
k:\riccardo\github\coding\computer-graphics\learn opengl\solutions\solution 2\x64\debug\solution 2.pdb
k:\riccardo\github\coding\computer-graphics\learn opengl\solutions\solution 2\x64\debug\solution 2.exe
k:\riccardo\github\coding\computer-graphics\learn opengl\solutions\solution 2\solution 2\x64\debug\solution 2.tlog\cl.command.1.tlog
k:\riccardo\github\coding\computer-graphics\learn opengl\solutions\solution 2\solution 2\x64\debug\solution 2.tlog\cl.items.tlog
k:\riccardo\github\coding\computer-graphics\learn opengl\solutions\solution 2\solution 2\x64\debug\solution 2.tlog\cl.read.1.tlog
k:\riccardo\github\coding\computer-graphics\learn opengl\solutions\solution 2\solution 2\x64\debug\solution 2.tlog\cl.write.1.tlog
k:\riccardo\github\coding\computer-graphics\learn opengl\solutions\solution 2\solution 2\x64\debug\solution 2.tlog\link.command.1.tlog
k:\riccardo\github\coding\computer-graphics\learn opengl\solutions\solution 2\solution 2\x64\debug\solution 2.tlog\link.read.1.tlog
k:\riccardo\github\coding\computer-graphics\learn opengl\solutions\solution 2\solution 2\x64\debug\solution 2.tlog\link.secondary.1.tlog
k:\riccardo\github\coding\computer-graphics\learn opengl\solutions\solution 2\solution 2\x64\debug\solution 2.tlog\link.write.1.tlog
