  Main.cpp
C:\Users\utente\Desktop\Coding\Github\Coding\Computer-Graphics\Learn OpenGL\Solutions\Solution 4\src\Main.cpp(125,11): warning C4244: '=': conversione da 'double' a 'float'. Possibile perdita di dati.
C:\Users\utente\Desktop\Coding\Github\Coding\Computer-Graphics\Learn OpenGL\Solutions\Solution 4\src\Main.cpp(126,11): warning C4244: '=': conversione da 'double' a 'float'. Possibile perdita di dati.
C:\Users\utente\Desktop\Coding\Github\Coding\Computer-Graphics\Learn OpenGL\Solutions\Solution 4\src\Main.cpp(129,16): warning C4244: 'inizializzazione': conversione da 'double' a 'float'. Possibile perdita di dati.
C:\Users\utente\Desktop\Coding\Github\Coding\Computer-Graphics\Learn OpenGL\Solutions\Solution 4\src\Main.cpp(130,16): warning C4244: 'inizializzazione': conversione da 'double' a 'float'. Possibile perdita di dati.
C:\Users\utente\Desktop\Coding\Github\Coding\Computer-Graphics\Learn OpenGL\Solutions\Solution 4\src\Main.cpp(132,10): warning C4244: '=': conversione da 'double' a 'float'. Possibile perdita di dati.
C:\Users\utente\Desktop\Coding\Github\Coding\Computer-Graphics\Learn OpenGL\Solutions\Solution 4\src\Main.cpp(133,10): warning C4244: '=': conversione da 'double' a 'float'. Possibile perdita di dati.
C:\Users\utente\Desktop\Coding\Github\Coding\Computer-Graphics\Learn OpenGL\Solutions\Solution 4\src\Main.cpp(362,22): warning C4244: 'inizializzazione': conversione da 'double' a 'float'. Possibile perdita di dati.
C:\Users\utente\Desktop\Coding\Github\Coding\Computer-Graphics\Learn OpenGL\Solutions\Solution 4\src\Main.cpp(368,21): warning C4244: '=': conversione da 'double' a 'T'. Possibile perdita di dati.
C:\Users\utente\Desktop\Coding\Github\Coding\Computer-Graphics\Learn OpenGL\Solutions\Solution 4\src\Main.cpp(368,21): warning C4244:         with
C:\Users\utente\Desktop\Coding\Github\Coding\Computer-Graphics\Learn OpenGL\Solutions\Solution 4\src\Main.cpp(368,21): warning C4244:         [
C:\Users\utente\Desktop\Coding\Github\Coding\Computer-Graphics\Learn OpenGL\Solutions\Solution 4\src\Main.cpp(368,21): warning C4244:             T=float
C:\Users\utente\Desktop\Coding\Github\Coding\Computer-Graphics\Learn OpenGL\Solutions\Solution 4\src\Main.cpp(368,21): warning C4244:         ]
C:\Users\utente\Desktop\Coding\Github\Coding\Computer-Graphics\Learn OpenGL\Solutions\Solution 4\src\Main.cpp(369,35): warning C4244: '=': conversione da 'double' a 'T'. Possibile perdita di dati.
C:\Users\utente\Desktop\Coding\Github\Coding\Computer-Graphics\Learn OpenGL\Solutions\Solution 4\src\Main.cpp(369,35): warning C4244:         with
C:\Users\utente\Desktop\Coding\Github\Coding\Computer-Graphics\Learn OpenGL\Solutions\Solution 4\src\Main.cpp(369,35): warning C4244:         [
C:\Users\utente\Desktop\Coding\Github\Coding\Computer-Graphics\Learn OpenGL\Solutions\Solution 4\src\Main.cpp(369,35): warning C4244:             T=float
C:\Users\utente\Desktop\Coding\Github\Coding\Computer-Graphics\Learn OpenGL\Solutions\Solution 4\src\Main.cpp(369,35): warning C4244:         ]
C:\Users\utente\Desktop\Coding\Github\Coding\Computer-Graphics\Learn OpenGL\Solutions\Solution 4\src\Main.cpp(475,19): warning C4244: '=': conversione da 'double' a 'T'. Possibile perdita di dati.
C:\Users\utente\Desktop\Coding\Github\Coding\Computer-Graphics\Learn OpenGL\Solutions\Solution 4\src\Main.cpp(475,19): warning C4244:         with
C:\Users\utente\Desktop\Coding\Github\Coding\Computer-Graphics\Learn OpenGL\Solutions\Solution 4\src\Main.cpp(475,19): warning C4244:         [
C:\Users\utente\Desktop\Coding\Github\Coding\Computer-Graphics\Learn OpenGL\Solutions\Solution 4\src\Main.cpp(475,19): warning C4244:             T=float
C:\Users\utente\Desktop\Coding\Github\Coding\Computer-Graphics\Learn OpenGL\Solutions\Solution 4\src\Main.cpp(475,19): warning C4244:         ]
C:\Users\utente\Desktop\Coding\Github\Coding\Computer-Graphics\Learn OpenGL\Solutions\Solution 4\src\Main.cpp(476,33): warning C4244: '=': conversione da 'double' a 'T'. Possibile perdita di dati.
C:\Users\utente\Desktop\Coding\Github\Coding\Computer-Graphics\Learn OpenGL\Solutions\Solution 4\src\Main.cpp(476,33): warning C4244:         with
C:\Users\utente\Desktop\Coding\Github\Coding\Computer-Graphics\Learn OpenGL\Solutions\Solution 4\src\Main.cpp(476,33): warning C4244:         [
C:\Users\utente\Desktop\Coding\Github\Coding\Computer-Graphics\Learn OpenGL\Solutions\Solution 4\src\Main.cpp(476,33): warning C4244:             T=float
C:\Users\utente\Desktop\Coding\Github\Coding\Computer-Graphics\Learn OpenGL\Solutions\Solution 4\src\Main.cpp(476,33): warning C4244:         ]
  Solution 4.vcxproj -> C:\Users\utente\Desktop\Coding\Github\Coding\Computer-Graphics\Learn OpenGL\Solutions\Solution 4\x64\Debug\Solution 4.exe
  C:\Users\utente\Desktop\Coding\Github\Coding\Computer-Graphics\Learn OpenGL\Libs\assimp-vc143-mtd.dll
  1 File(s) copied
